{"E:\\Mini Project\\hospital.ms.ai\\backend\\packages\\services\\analytics-service\\src\\routes\\analytics.routes.ts": {"path":"E:\\Mini Project\\hospital.ms.ai\\backend\\packages\\services\\analytics-service\\src\\routes\\analytics.routes.ts","statementMap":{"0":{"start":{"line":6,"column":6},"end":{"line":6,"column":32}},"1":{"start":{"line":10,"column":32},"end":{"line":20,"column":2}},"2":{"start":{"line":22,"column":33},"end":{"line":30,"column":2}},"3":{"start":{"line":32,"column":30},"end":{"line":40,"column":2}},"4":{"start":{"line":44,"column":0},"end":{"line":59,"column":null}},"5":{"start":{"line":49,"column":60},"end":{"line":49,"column":null}},"6":{"start":{"line":50,"column":19},"end":{"line":56,"column":6}},"7":{"start":{"line":57,"column":4},"end":{"line":57,"column":null}},"8":{"start":{"line":61,"column":0},"end":{"line":70,"column":null}},"9":{"start":{"line":67,"column":19},"end":{"line":67,"column":69}},"10":{"start":{"line":68,"column":4},"end":{"line":68,"column":null}},"11":{"start":{"line":74,"column":0},"end":{"line":90,"column":null}},"12":{"start":{"line":79,"column":70},"end":{"line":79,"column":null}},"13":{"start":{"line":80,"column":19},"end":{"line":87,"column":6}},"14":{"start":{"line":88,"column":4},"end":{"line":88,"column":null}},"15":{"start":{"line":92,"column":0},"end":{"line":101,"column":null}},"16":{"start":{"line":98,"column":19},"end":{"line":98,"column":70}},"17":{"start":{"line":99,"column":4},"end":{"line":99,"column":null}},"18":{"start":{"line":105,"column":0},"end":{"line":121,"column":null}},"19":{"start":{"line":110,"column":70},"end":{"line":110,"column":null}},"20":{"start":{"line":111,"column":19},"end":{"line":118,"column":6}},"21":{"start":{"line":119,"column":4},"end":{"line":119,"column":null}},"22":{"start":{"line":123,"column":0},"end":{"line":132,"column":null}},"23":{"start":{"line":129,"column":17},"end":{"line":129,"column":65}},"24":{"start":{"line":130,"column":4},"end":{"line":130,"column":null}},"25":{"start":{"line":136,"column":0},"end":{"line":146,"column":null}},"26":{"start":{"line":141,"column":27},"end":{"line":141,"column":null}},"27":{"start":{"line":142,"column":18},"end":{"line":142,"column":null}},"28":{"start":{"line":143,"column":20},"end":{"line":143,"column":80}},"29":{"start":{"line":144,"column":4},"end":{"line":144,"column":null}}},"fnMap":{"0":{"name":"(anonymous_0)","decl":{"start":{"line":48,"column":15},"end":{"line":48,"column":22}},"loc":{"start":{"line":48,"column":35},"end":{"line":58,"column":null}},"line":48},"1":{"name":"(anonymous_1)","decl":{"start":{"line":66,"column":15},"end":{"line":66,"column":22}},"loc":{"start":{"line":66,"column":35},"end":{"line":69,"column":null}},"line":66},"2":{"name":"(anonymous_2)","decl":{"start":{"line":78,"column":15},"end":{"line":78,"column":22}},"loc":{"start":{"line":78,"column":35},"end":{"line":89,"column":null}},"line":78},"3":{"name":"(anonymous_3)","decl":{"start":{"line":97,"column":15},"end":{"line":97,"column":22}},"loc":{"start":{"line":97,"column":35},"end":{"line":100,"column":null}},"line":97},"4":{"name":"(anonymous_4)","decl":{"start":{"line":109,"column":15},"end":{"line":109,"column":22}},"loc":{"start":{"line":109,"column":35},"end":{"line":120,"column":null}},"line":109},"5":{"name":"(anonymous_5)","decl":{"start":{"line":128,"column":15},"end":{"line":128,"column":22}},"loc":{"start":{"line":128,"column":35},"end":{"line":131,"column":null}},"line":128},"6":{"name":"(anonymous_6)","decl":{"start":{"line":140,"column":15},"end":{"line":140,"column":22}},"loc":{"start":{"line":140,"column":35},"end":{"line":145,"column":null}},"line":140}},"branchMap":{"0":{"loc":{"start":{"line":54,"column":12},"end":{"line":54,"column":null}},"type":"cond-expr","locations":[{"start":{"line":54,"column":19},"end":{"line":54,"column":31}},{"start":{"line":54,"column":34},"end":{"line":54,"column":null}}],"line":54},"1":{"loc":{"start":{"line":55,"column":13},"end":{"line":55,"column":null}},"type":"cond-expr","locations":[{"start":{"line":55,"column":21},"end":{"line":55,"column":34}},{"start":{"line":55,"column":37},"end":{"line":55,"column":null}}],"line":55},"2":{"loc":{"start":{"line":85,"column":12},"end":{"line":85,"column":null}},"type":"cond-expr","locations":[{"start":{"line":85,"column":19},"end":{"line":85,"column":31}},{"start":{"line":85,"column":34},"end":{"line":85,"column":null}}],"line":85},"3":{"loc":{"start":{"line":86,"column":13},"end":{"line":86,"column":null}},"type":"cond-expr","locations":[{"start":{"line":86,"column":21},"end":{"line":86,"column":34}},{"start":{"line":86,"column":37},"end":{"line":86,"column":null}}],"line":86},"4":{"loc":{"start":{"line":116,"column":12},"end":{"line":116,"column":null}},"type":"cond-expr","locations":[{"start":{"line":116,"column":19},"end":{"line":116,"column":31}},{"start":{"line":116,"column":34},"end":{"line":116,"column":null}}],"line":116},"5":{"loc":{"start":{"line":117,"column":13},"end":{"line":117,"column":null}},"type":"cond-expr","locations":[{"start":{"line":117,"column":21},"end":{"line":117,"column":34}},{"start":{"line":117,"column":37},"end":{"line":117,"column":null}}],"line":117},"6":{"loc":{"start":{"line":142,"column":18},"end":{"line":142,"column":null}},"type":"binary-expr","locations":[{"start":{"line":142,"column":18},"end":{"line":142,"column":47}},{"start":{"line":142,"column":47},"end":{"line":142,"column":null}}],"line":142}},"s":{"0":1,"1":1,"2":1,"3":1,"4":1,"5":1,"6":1,"7":1,"8":1,"9":1,"10":1,"11":1,"12":2,"13":2,"14":2,"15":1,"16":1,"17":1,"18":1,"19":1,"20":1,"21":1,"22":1,"23":1,"24":1,"25":1,"26":1,"27":1,"28":1,"29":1},"f":{"0":1,"1":1,"2":2,"3":1,"4":1,"5":1,"6":1},"b":{"0":[0,1],"1":[0,1],"2":[0,2],"3":[0,2],"4":[0,1],"5":[0,1],"6":[1,1]},"meta":{"lastBranch":7,"lastFunction":7,"lastStatement":30,"seen":{"s:6:6:6:32":0,"s:10:32:20:2":1,"s:22:33:30:2":2,"s:32:30:40:2":3,"s:44:0:59:Infinity":4,"f:48:15:48:22":0,"s:49:60:49:Infinity":5,"s:50:19:56:6":6,"b:54:19:54:31:54:34:54:Infinity":0,"b:55:21:55:34:55:37:55:Infinity":1,"s:57:4:57:Infinity":7,"s:61:0:70:Infinity":8,"f:66:15:66:22":1,"s:67:19:67:69":9,"s:68:4:68:Infinity":10,"s:74:0:90:Infinity":11,"f:78:15:78:22":2,"s:79:70:79:Infinity":12,"s:80:19:87:6":13,"b:85:19:85:31:85:34:85:Infinity":2,"b:86:21:86:34:86:37:86:Infinity":3,"s:88:4:88:Infinity":14,"s:92:0:101:Infinity":15,"f:97:15:97:22":3,"s:98:19:98:70":16,"s:99:4:99:Infinity":17,"s:105:0:121:Infinity":18,"f:109:15:109:22":4,"s:110:70:110:Infinity":19,"s:111:19:118:6":20,"b:116:19:116:31:116:34:116:Infinity":4,"b:117:21:117:34:117:37:117:Infinity":5,"s:119:4:119:Infinity":21,"s:123:0:132:Infinity":22,"f:128:15:128:22":5,"s:129:17:129:65":23,"s:130:4:130:Infinity":24,"s:136:0:146:Infinity":25,"f:140:15:140:22":6,"s:141:27:141:Infinity":26,"s:142:18:142:Infinity":27,"b:142:18:142:47:142:47:142:Infinity":6,"s:143:20:143:80":28,"s:144:4:144:Infinity":29}}}
,"E:\\Mini Project\\hospital.ms.ai\\backend\\packages\\services\\analytics-service\\src\\routes\\health.ts": {"path":"E:\\Mini Project\\hospital.ms.ai\\backend\\packages\\services\\analytics-service\\src\\routes\\health.ts","statementMap":{"0":{"start":{"line":4,"column":6},"end":{"line":4,"column":31}},"1":{"start":{"line":7,"column":0},"end":{"line":35,"column":null}},"2":{"start":{"line":8,"column":41},"end":{"line":8,"column":43}},"3":{"start":{"line":10,"column":2},"end":{"line":21,"column":null}},"4":{"start":{"line":11,"column":4},"end":{"line":11,"column":null}},"5":{"start":{"line":12,"column":4},"end":{"line":12,"column":null}},"6":{"start":{"line":14,"column":4},"end":{"line":14,"column":null}},"7":{"start":{"line":15,"column":4},"end":{"line":20,"column":null}},"8":{"start":{"line":21,"column":4},"end":{"line":21,"column":null}},"9":{"start":{"line":24,"column":2},"end":{"line":34,"column":null}},"10":{"start":{"line":38,"column":0},"end":{"line":40,"column":null}},"11":{"start":{"line":39,"column":2},"end":{"line":39,"column":null}},"12":{"start":{"line":43,"column":0},"end":{"line":50,"column":null}},"13":{"start":{"line":44,"column":2},"end":{"line":48,"column":null}},"14":{"start":{"line":45,"column":4},"end":{"line":45,"column":null}},"15":{"start":{"line":46,"column":4},"end":{"line":46,"column":null}},"16":{"start":{"line":48,"column":4},"end":{"line":48,"column":null}}},"fnMap":{"0":{"name":"(anonymous_0)","decl":{"start":{"line":7,"column":16},"end":{"line":7,"column":23}},"loc":{"start":{"line":7,"column":56},"end":{"line":35,"column":null}},"line":7},"1":{"name":"(anonymous_1)","decl":{"start":{"line":38,"column":11},"end":{"line":38,"column":21}},"loc":{"start":{"line":38,"column":54},"end":{"line":40,"column":null}},"line":38},"2":{"name":"(anonymous_2)","decl":{"start":{"line":43,"column":21},"end":{"line":43,"column":28}},"loc":{"start":{"line":43,"column":61},"end":{"line":50,"column":null}},"line":43}},"branchMap":{},"s":{"0":1,"1":1,"2":2,"3":2,"4":2,"5":1,"6":1,"7":1,"8":1,"9":1,"10":1,"11":1,"12":1,"13":2,"14":2,"15":1,"16":1},"f":{"0":2,"1":1,"2":2},"b":{},"meta":{"lastBranch":0,"lastFunction":3,"lastStatement":17,"seen":{"s:4:6:4:31":0,"s:7:0:35:Infinity":1,"f:7:16:7:23":0,"s:8:41:8:43":2,"s:10:2:21:Infinity":3,"s:11:4:11:Infinity":4,"s:12:4:12:Infinity":5,"s:14:4:14:Infinity":6,"s:15:4:20:Infinity":7,"s:21:4:21:Infinity":8,"s:24:2:34:Infinity":9,"s:38:0:40:Infinity":10,"f:38:11:38:21":1,"s:39:2:39:Infinity":11,"s:43:0:50:Infinity":12,"f:43:21:43:28":2,"s:44:2:48:Infinity":13,"s:45:4:45:Infinity":14,"s:46:4:46:Infinity":15,"s:48:4:48:Infinity":16}}}
,"E:\\Mini Project\\hospital.ms.ai\\backend\\packages\\services\\analytics-service\\src\\services\\analytics.service.ts": {"path":"E:\\Mini Project\\hospital.ms.ai\\backend\\packages\\services\\analytics-service\\src\\services\\analytics.service.ts","statementMap":{"0":{"start":{"line":4,"column":32},"end":{"line":289,"column":null}},"1":{"start":{"line":14,"column":17},"end":{"line":14,"column":null}},"2":{"start":{"line":15,"column":18},"end":{"line":15,"column":null}},"3":{"start":{"line":16,"column":23},"end":{"line":16,"column":25}},"4":{"start":{"line":18,"column":4},"end":{"line":19,"column":null}},"5":{"start":{"line":19,"column":6},"end":{"line":19,"column":null}},"6":{"start":{"line":22,"column":4},"end":{"line":28,"column":null}},"7":{"start":{"line":23,"column":6},"end":{"line":23,"column":null}},"8":{"start":{"line":24,"column":6},"end":{"line":25,"column":null}},"9":{"start":{"line":25,"column":8},"end":{"line":25,"column":null}},"10":{"start":{"line":27,"column":6},"end":{"line":28,"column":null}},"11":{"start":{"line":28,"column":8},"end":{"line":28,"column":null}},"12":{"start":{"line":32,"column":26},"end":{"line":40,"column":6}},"13":{"start":{"line":42,"column":4},"end":{"line":42,"column":null}},"14":{"start":{"line":56,"column":20},"end":{"line":56,"column":39}},"15":{"start":{"line":58,"column":4},"end":{"line":85,"column":null}},"16":{"start":{"line":98,"column":17},"end":{"line":98,"column":null}},"17":{"start":{"line":99,"column":18},"end":{"line":99,"column":null}},"18":{"start":{"line":100,"column":23},"end":{"line":100,"column":25}},"19":{"start":{"line":102,"column":4},"end":{"line":103,"column":null}},"20":{"start":{"line":103,"column":6},"end":{"line":103,"column":null}},"21":{"start":{"line":105,"column":4},"end":{"line":106,"column":null}},"22":{"start":{"line":106,"column":6},"end":{"line":106,"column":null}},"23":{"start":{"line":109,"column":4},"end":{"line":115,"column":null}},"24":{"start":{"line":110,"column":6},"end":{"line":110,"column":null}},"25":{"start":{"line":111,"column":6},"end":{"line":112,"column":null}},"26":{"start":{"line":112,"column":8},"end":{"line":112,"column":null}},"27":{"start":{"line":114,"column":6},"end":{"line":115,"column":null}},"28":{"start":{"line":115,"column":8},"end":{"line":115,"column":null}},"29":{"start":{"line":119,"column":26},"end":{"line":127,"column":6}},"30":{"start":{"line":129,"column":4},"end":{"line":129,"column":null}},"31":{"start":{"line":141,"column":20},"end":{"line":141,"column":39}},"32":{"start":{"line":143,"column":4},"end":{"line":166,"column":null}},"33":{"start":{"line":179,"column":17},"end":{"line":179,"column":null}},"34":{"start":{"line":180,"column":18},"end":{"line":180,"column":null}},"35":{"start":{"line":181,"column":23},"end":{"line":181,"column":25}},"36":{"start":{"line":183,"column":4},"end":{"line":184,"column":null}},"37":{"start":{"line":184,"column":6},"end":{"line":184,"column":null}},"38":{"start":{"line":186,"column":4},"end":{"line":187,"column":null}},"39":{"start":{"line":187,"column":6},"end":{"line":187,"column":null}},"40":{"start":{"line":190,"column":4},"end":{"line":196,"column":null}},"41":{"start":{"line":191,"column":6},"end":{"line":191,"column":null}},"42":{"start":{"line":192,"column":6},"end":{"line":193,"column":null}},"43":{"start":{"line":193,"column":8},"end":{"line":193,"column":null}},"44":{"start":{"line":195,"column":6},"end":{"line":196,"column":null}},"45":{"start":{"line":196,"column":8},"end":{"line":196,"column":null}},"46":{"start":{"line":200,"column":26},"end":{"line":208,"column":6}},"47":{"start":{"line":210,"column":4},"end":{"line":210,"column":null}},"48":{"start":{"line":222,"column":20},"end":{"line":222,"column":39}},"49":{"start":{"line":224,"column":4},"end":{"line":247,"column":null}},"50":{"start":{"line":253,"column":20},"end":{"line":253,"column":34}},"51":{"start":{"line":255,"column":53},"end":{"line":272,"column":6}},"52":{"start":{"line":274,"column":30},"end":{"line":274,"column":84}},"53":{"start":{"line":274,"column":60},"end":{"line":274,"column":82}},"54":{"start":{"line":275,"column":22},"end":{"line":275,"column":86}},"55":{"start":{"line":275,"column":52},"end":{"line":275,"column":82}},"56":{"start":{"line":277,"column":4},"end":{"line":287,"column":null}}},"fnMap":{"0":{"name":"(anonymous_0)","decl":{"start":{"line":7,"column":8},"end":{"line":7,"column":24}},"loc":{"start":{"line":13,"column":5},"end":{"line":42,"column":null}},"line":13},"1":{"name":"(anonymous_1)","decl":{"start":{"line":45,"column":8},"end":{"line":45,"column":26}},"loc":{"start":{"line":55,"column":5},"end":{"line":85,"column":null}},"line":55},"2":{"name":"(anonymous_2)","decl":{"start":{"line":90,"column":8},"end":{"line":90,"column":25}},"loc":{"start":{"line":97,"column":5},"end":{"line":129,"column":null}},"line":97},"3":{"name":"(anonymous_3)","decl":{"start":{"line":132,"column":8},"end":{"line":132,"column":27}},"loc":{"start":{"line":140,"column":5},"end":{"line":166,"column":null}},"line":140},"4":{"name":"(anonymous_4)","decl":{"start":{"line":171,"column":8},"end":{"line":171,"column":22}},"loc":{"start":{"line":178,"column":5},"end":{"line":210,"column":null}},"line":178},"5":{"name":"(anonymous_5)","decl":{"start":{"line":213,"column":8},"end":{"line":213,"column":24}},"loc":{"start":{"line":221,"column":5},"end":{"line":247,"column":null}},"line":221},"6":{"name":"(anonymous_6)","decl":{"start":{"line":252,"column":8},"end":{"line":252,"column":28}},"loc":{"start":{"line":252,"column":62},"end":{"line":287,"column":null}},"line":252},"7":{"name":"(anonymous_7)","decl":{"start":{"line":274,"column":41},"end":{"line":274,"column":49}},"loc":{"start":{"line":274,"column":60},"end":{"line":274,"column":82}},"line":274},"8":{"name":"(anonymous_8)","decl":{"start":{"line":275,"column":33},"end":{"line":275,"column":41}},"loc":{"start":{"line":275,"column":52},"end":{"line":275,"column":82}},"line":275}},"branchMap":{"0":{"loc":{"start":{"line":14,"column":17},"end":{"line":14,"column":null}},"type":"binary-expr","locations":[{"start":{"line":14,"column":17},"end":{"line":14,"column":31}},{"start":{"line":14,"column":31},"end":{"line":14,"column":null}}],"line":14},"1":{"loc":{"start":{"line":15,"column":18},"end":{"line":15,"column":null}},"type":"binary-expr","locations":[{"start":{"line":15,"column":18},"end":{"line":15,"column":33}},{"start":{"line":15,"column":33},"end":{"line":15,"column":null}}],"line":15},"2":{"loc":{"start":{"line":18,"column":4},"end":{"line":19,"column":null}},"type":"if","locations":[{"start":{"line":18,"column":4},"end":{"line":19,"column":null}},{"start":{},"end":{}}],"line":18},"3":{"loc":{"start":{"line":22,"column":4},"end":{"line":28,"column":null}},"type":"if","locations":[{"start":{"line":22,"column":4},"end":{"line":28,"column":null}},{"start":{},"end":{}}],"line":22},"4":{"loc":{"start":{"line":22,"column":8},"end":{"line":22,"column":42}},"type":"binary-expr","locations":[{"start":{"line":22,"column":8},"end":{"line":22,"column":27}},{"start":{"line":22,"column":27},"end":{"line":22,"column":42}}],"line":22},"5":{"loc":{"start":{"line":24,"column":6},"end":{"line":25,"column":null}},"type":"if","locations":[{"start":{"line":24,"column":6},"end":{"line":25,"column":null}},{"start":{},"end":{}}],"line":24},"6":{"loc":{"start":{"line":27,"column":6},"end":{"line":28,"column":null}},"type":"if","locations":[{"start":{"line":27,"column":6},"end":{"line":28,"column":null}},{"start":{},"end":{}}],"line":27},"7":{"loc":{"start":{"line":61,"column":22},"end":{"line":61,"column":null}},"type":"binary-expr","locations":[{"start":{"line":61,"column":22},"end":{"line":61,"column":41}},{"start":{"line":61,"column":41},"end":{"line":61,"column":null}}],"line":61},"8":{"loc":{"start":{"line":77,"column":23},"end":{"line":77,"column":null}},"type":"binary-expr","locations":[{"start":{"line":77,"column":23},"end":{"line":77,"column":45}},{"start":{"line":77,"column":45},"end":{"line":77,"column":null}}],"line":77},"9":{"loc":{"start":{"line":78,"column":28},"end":{"line":78,"column":null}},"type":"binary-expr","locations":[{"start":{"line":78,"column":28},"end":{"line":78,"column":55}},{"start":{"line":78,"column":55},"end":{"line":78,"column":null}}],"line":78},"10":{"loc":{"start":{"line":79,"column":27},"end":{"line":79,"column":null}},"type":"binary-expr","locations":[{"start":{"line":79,"column":27},"end":{"line":79,"column":53}},{"start":{"line":79,"column":53},"end":{"line":79,"column":null}}],"line":79},"11":{"loc":{"start":{"line":80,"column":17},"end":{"line":80,"column":null}},"type":"binary-expr","locations":[{"start":{"line":80,"column":17},"end":{"line":80,"column":33}},{"start":{"line":80,"column":33},"end":{"line":80,"column":null}}],"line":80},"12":{"loc":{"start":{"line":83,"column":17},"end":{"line":83,"column":null}},"type":"binary-expr","locations":[{"start":{"line":83,"column":17},"end":{"line":83,"column":33}},{"start":{"line":83,"column":33},"end":{"line":83,"column":null}}],"line":83},"13":{"loc":{"start":{"line":98,"column":17},"end":{"line":98,"column":null}},"type":"binary-expr","locations":[{"start":{"line":98,"column":17},"end":{"line":98,"column":31}},{"start":{"line":98,"column":31},"end":{"line":98,"column":null}}],"line":98},"14":{"loc":{"start":{"line":99,"column":18},"end":{"line":99,"column":null}},"type":"binary-expr","locations":[{"start":{"line":99,"column":18},"end":{"line":99,"column":33}},{"start":{"line":99,"column":33},"end":{"line":99,"column":null}}],"line":99},"15":{"loc":{"start":{"line":102,"column":4},"end":{"line":103,"column":null}},"type":"if","locations":[{"start":{"line":102,"column":4},"end":{"line":103,"column":null}},{"start":{},"end":{}}],"line":102},"16":{"loc":{"start":{"line":105,"column":4},"end":{"line":106,"column":null}},"type":"if","locations":[{"start":{"line":105,"column":4},"end":{"line":106,"column":null}},{"start":{},"end":{}}],"line":105},"17":{"loc":{"start":{"line":109,"column":4},"end":{"line":115,"column":null}},"type":"if","locations":[{"start":{"line":109,"column":4},"end":{"line":115,"column":null}},{"start":{},"end":{}}],"line":109},"18":{"loc":{"start":{"line":109,"column":8},"end":{"line":109,"column":42}},"type":"binary-expr","locations":[{"start":{"line":109,"column":8},"end":{"line":109,"column":27}},{"start":{"line":109,"column":27},"end":{"line":109,"column":42}}],"line":109},"19":{"loc":{"start":{"line":111,"column":6},"end":{"line":112,"column":null}},"type":"if","locations":[{"start":{"line":111,"column":6},"end":{"line":112,"column":null}},{"start":{},"end":{}}],"line":111},"20":{"loc":{"start":{"line":114,"column":6},"end":{"line":115,"column":null}},"type":"if","locations":[{"start":{"line":114,"column":6},"end":{"line":115,"column":null}},{"start":{},"end":{}}],"line":114},"21":{"loc":{"start":{"line":147,"column":22},"end":{"line":147,"column":null}},"type":"binary-expr","locations":[{"start":{"line":147,"column":22},"end":{"line":147,"column":41}},{"start":{"line":147,"column":41},"end":{"line":147,"column":null}}],"line":147},"22":{"loc":{"start":{"line":161,"column":22},"end":{"line":161,"column":null}},"type":"binary-expr","locations":[{"start":{"line":161,"column":22},"end":{"line":161,"column":43}},{"start":{"line":161,"column":43},"end":{"line":161,"column":null}}],"line":161},"23":{"loc":{"start":{"line":164,"column":17},"end":{"line":164,"column":null}},"type":"binary-expr","locations":[{"start":{"line":164,"column":17},"end":{"line":164,"column":33}},{"start":{"line":164,"column":33},"end":{"line":164,"column":null}}],"line":164},"24":{"loc":{"start":{"line":179,"column":17},"end":{"line":179,"column":null}},"type":"binary-expr","locations":[{"start":{"line":179,"column":17},"end":{"line":179,"column":31}},{"start":{"line":179,"column":31},"end":{"line":179,"column":null}}],"line":179},"25":{"loc":{"start":{"line":180,"column":18},"end":{"line":180,"column":null}},"type":"binary-expr","locations":[{"start":{"line":180,"column":18},"end":{"line":180,"column":33}},{"start":{"line":180,"column":33},"end":{"line":180,"column":null}}],"line":180},"26":{"loc":{"start":{"line":183,"column":4},"end":{"line":184,"column":null}},"type":"if","locations":[{"start":{"line":183,"column":4},"end":{"line":184,"column":null}},{"start":{},"end":{}}],"line":183},"27":{"loc":{"start":{"line":186,"column":4},"end":{"line":187,"column":null}},"type":"if","locations":[{"start":{"line":186,"column":4},"end":{"line":187,"column":null}},{"start":{},"end":{}}],"line":186},"28":{"loc":{"start":{"line":190,"column":4},"end":{"line":196,"column":null}},"type":"if","locations":[{"start":{"line":190,"column":4},"end":{"line":196,"column":null}},{"start":{},"end":{}}],"line":190},"29":{"loc":{"start":{"line":190,"column":8},"end":{"line":190,"column":42}},"type":"binary-expr","locations":[{"start":{"line":190,"column":8},"end":{"line":190,"column":27}},{"start":{"line":190,"column":27},"end":{"line":190,"column":42}}],"line":190},"30":{"loc":{"start":{"line":192,"column":6},"end":{"line":193,"column":null}},"type":"if","locations":[{"start":{"line":192,"column":6},"end":{"line":193,"column":null}},{"start":{},"end":{}}],"line":192},"31":{"loc":{"start":{"line":195,"column":6},"end":{"line":196,"column":null}},"type":"if","locations":[{"start":{"line":195,"column":6},"end":{"line":196,"column":null}},{"start":{},"end":{}}],"line":195},"32":{"loc":{"start":{"line":228,"column":20},"end":{"line":228,"column":null}},"type":"binary-expr","locations":[{"start":{"line":228,"column":20},"end":{"line":228,"column":37}},{"start":{"line":228,"column":37},"end":{"line":228,"column":null}}],"line":228},"33":{"loc":{"start":{"line":243,"column":22},"end":{"line":243,"column":null}},"type":"binary-expr","locations":[{"start":{"line":243,"column":22},"end":{"line":243,"column":43}},{"start":{"line":243,"column":43},"end":{"line":243,"column":null}}],"line":243},"34":{"loc":{"start":{"line":245,"column":23},"end":{"line":245,"column":null}},"type":"binary-expr","locations":[{"start":{"line":245,"column":23},"end":{"line":245,"column":45}},{"start":{"line":245,"column":45},"end":{"line":245,"column":null}}],"line":245}},"s":{"0":2,"1":5,"2":5,"3":5,"4":5,"5":1,"6":5,"7":1,"8":1,"9":1,"10":1,"11":1,"12":5,"13":5,"14":4,"15":4,"16":6,"17":6,"18":6,"19":6,"20":1,"21":6,"22":1,"23":6,"24":2,"25":2,"26":1,"27":2,"28":1,"29":6,"30":6,"31":3,"32":3,"33":4,"34":4,"35":4,"36":4,"37":1,"38":4,"39":1,"40":4,"41":1,"42":1,"43":1,"44":1,"45":1,"46":4,"47":4,"48":3,"49":3,"50":3,"51":3,"52":3,"53":2,"54":3,"55":2,"56":3},"f":{"0":5,"1":4,"2":6,"3":3,"4":4,"5":3,"6":3,"7":2,"8":2},"b":{"0":[5,4],"1":[5,4],"2":[1,4],"3":[1,4],"4":[5,4],"5":[1,0],"6":[1,0],"7":[4,3],"8":[4,2],"9":[4,4],"10":[4,4],"11":[4,4],"12":[4,4],"13":[6,6],"14":[6,6],"15":[1,5],"16":[1,5],"17":[2,4],"18":[6,5],"19":[1,1],"20":[1,1],"21":[3,3],"22":[3,1],"23":[3,3],"24":[4,4],"25":[4,4],"26":[1,3],"27":[1,3],"28":[1,3],"29":[4,3],"30":[1,0],"31":[1,0],"32":[3,3],"33":[3,1],"34":[3,3]},"meta":{"lastBranch":35,"lastFunction":9,"lastStatement":57,"seen":{"s:4:32:289:Infinity":0,"f:7:8:7:24":0,"s:14:17:14:Infinity":1,"b:14:17:14:31:14:31:14:Infinity":0,"s:15:18:15:Infinity":2,"b:15:18:15:33:15:33:15:Infinity":1,"s:16:23:16:25":3,"b:18:4:19:Infinity:undefined:undefined:undefined:undefined":2,"s:18:4:19:Infinity":4,"s:19:6:19:Infinity":5,"b:22:4:28:Infinity:undefined:undefined:undefined:undefined":3,"s:22:4:28:Infinity":6,"b:22:8:22:27:22:27:22:42":4,"s:23:6:23:Infinity":7,"b:24:6:25:Infinity:undefined:undefined:undefined:undefined":5,"s:24:6:25:Infinity":8,"s:25:8:25:Infinity":9,"b:27:6:28:Infinity:undefined:undefined:undefined:undefined":6,"s:27:6:28:Infinity":10,"s:28:8:28:Infinity":11,"s:32:26:40:6":12,"s:42:4:42:Infinity":13,"f:45:8:45:26":1,"s:56:20:56:39":14,"s:58:4:85:Infinity":15,"b:61:22:61:41:61:41:61:Infinity":7,"b:77:23:77:45:77:45:77:Infinity":8,"b:78:28:78:55:78:55:78:Infinity":9,"b:79:27:79:53:79:53:79:Infinity":10,"b:80:17:80:33:80:33:80:Infinity":11,"b:83:17:83:33:83:33:83:Infinity":12,"f:90:8:90:25":2,"s:98:17:98:Infinity":16,"b:98:17:98:31:98:31:98:Infinity":13,"s:99:18:99:Infinity":17,"b:99:18:99:33:99:33:99:Infinity":14,"s:100:23:100:25":18,"b:102:4:103:Infinity:undefined:undefined:undefined:undefined":15,"s:102:4:103:Infinity":19,"s:103:6:103:Infinity":20,"b:105:4:106:Infinity:undefined:undefined:undefined:undefined":16,"s:105:4:106:Infinity":21,"s:106:6:106:Infinity":22,"b:109:4:115:Infinity:undefined:undefined:undefined:undefined":17,"s:109:4:115:Infinity":23,"b:109:8:109:27:109:27:109:42":18,"s:110:6:110:Infinity":24,"b:111:6:112:Infinity:undefined:undefined:undefined:undefined":19,"s:111:6:112:Infinity":25,"s:112:8:112:Infinity":26,"b:114:6:115:Infinity:undefined:undefined:undefined:undefined":20,"s:114:6:115:Infinity":27,"s:115:8:115:Infinity":28,"s:119:26:127:6":29,"s:129:4:129:Infinity":30,"f:132:8:132:27":3,"s:141:20:141:39":31,"s:143:4:166:Infinity":32,"b:147:22:147:41:147:41:147:Infinity":21,"b:161:22:161:43:161:43:161:Infinity":22,"b:164:17:164:33:164:33:164:Infinity":23,"f:171:8:171:22":4,"s:179:17:179:Infinity":33,"b:179:17:179:31:179:31:179:Infinity":24,"s:180:18:180:Infinity":34,"b:180:18:180:33:180:33:180:Infinity":25,"s:181:23:181:25":35,"b:183:4:184:Infinity:undefined:undefined:undefined:undefined":26,"s:183:4:184:Infinity":36,"s:184:6:184:Infinity":37,"b:186:4:187:Infinity:undefined:undefined:undefined:undefined":27,"s:186:4:187:Infinity":38,"s:187:6:187:Infinity":39,"b:190:4:196:Infinity:undefined:undefined:undefined:undefined":28,"s:190:4:196:Infinity":40,"b:190:8:190:27:190:27:190:42":29,"s:191:6:191:Infinity":41,"b:192:6:193:Infinity:undefined:undefined:undefined:undefined":30,"s:192:6:193:Infinity":42,"s:193:8:193:Infinity":43,"b:195:6:196:Infinity:undefined:undefined:undefined:undefined":31,"s:195:6:196:Infinity":44,"s:196:8:196:Infinity":45,"s:200:26:208:6":46,"s:210:4:210:Infinity":47,"f:213:8:213:24":5,"s:222:20:222:39":48,"s:224:4:247:Infinity":49,"b:228:20:228:37:228:37:228:Infinity":32,"b:243:22:243:43:243:43:243:Infinity":33,"b:245:23:245:45:245:45:245:Infinity":34,"f:252:8:252:28":6,"s:253:20:253:34":50,"s:255:53:272:6":51,"s:274:30:274:84":52,"f:274:41:274:49":7,"s:274:60:274:82":53,"s:275:22:275:86":54,"f:275:33:275:41":8,"s:275:52:275:82":55,"s:277:4:287:Infinity":56}}}
}
